2023-04-04 13:18:39 Loading main app package /usr/lib/obsidian/obsidian.asar
2023-04-04 13:18:40 Checking for update using Github
2023-04-04 13:18:40 Success.
2023-04-04 13:18:40 Latest version is 1.1.16
2023-04-04 13:18:40 App is up to date.
2023-04-04 14:18:40 Checking for update using Github
2023-04-04 14:18:40 Success.
2023-04-04 14:18:40 Latest version is 1.1.16
2023-04-04 14:18:40 App is up to date.
2023-04-04 15:18:40 Checking for update using Github
2023-04-04 15:18:40 Success.
2023-04-04 15:18:40 Latest version is 1.1.16
2023-04-04 15:18:40 App is up to date.
2023-04-04 16:18:40 Checking for update using Github
2023-04-04 16:18:40 Success.
2023-04-04 16:18:40 Latest version is 1.1.16
2023-04-04 16:18:40 App is up to date.
2023-04-04 17:18:40 Checking for update using Github
2023-04-04 17:18:40 Success.
2023-04-04 17:18:40 Latest version is 1.1.16
2023-04-04 17:18:40 App is up to date.
2023-04-04 18:18:40 Checking for update using Github
2023-04-04 18:18:40 Success.
2023-04-04 18:18:40 Latest version is 1.1.16
2023-04-04 18:18:40 App is up to date.
2023-05-11 04:56:04 Loading main app package /usr/lib/obsidian/obsidian.asar
2023-05-11 04:56:04 Checking for update using Github
2023-05-11 04:56:04 Success.
2023-05-11 04:56:04 Latest version is 1.2.8
2023-05-11 04:56:04 Downloading update from https://github.com/obsidianmd/obsidian-releases/releases/download/v1.2.8/obsidian-1.2.8.asar.gz
2023-05-11 04:56:05 Verifying hash & signature. Size= 6033374
2023-05-11 04:56:05 Saving file
2023-05-11 04:56:06 Update complete.
2023-05-11 05:56:04 Checking for update using Github
2023-05-11 05:56:04 Success.
2023-05-11 05:56:04 Latest version is 1.2.8
2023-05-11 05:56:04 An update is already downloaded.
2023-05-11 06:56:04 Checking for update using Github
2023-05-11 06:56:04 Success.
2023-05-11 06:56:04 Latest version is 1.2.8
2023-05-11 06:56:04 An update is already downloaded.
2023-05-11 07:56:04 Checking for update using Github
2023-05-11 07:56:04 Success.
2023-05-11 07:56:04 Latest version is 1.2.8
2023-05-11 07:56:04 An update is already downloaded.
2023-05-11 08:56:04 Checking for update using Github
2023-05-11 08:56:04 Success.
2023-05-11 08:56:04 Latest version is 1.2.8
2023-05-11 08:56:04 An update is already downloaded.
2023-05-11 09:56:04 Checking for update using Github
2023-05-11 09:56:04 Success.
2023-05-11 09:56:04 Latest version is 1.2.8
2023-05-11 09:56:04 An update is already downloaded.
2023-05-11 10:56:04 Checking for update using Github
2023-05-11 10:56:04 Success.
2023-05-11 10:56:04 Latest version is 1.2.8
2023-05-11 10:56:04 An update is already downloaded.
2023-05-11 11:56:04 Checking for update using Github
2023-05-11 11:56:04 Success.
2023-05-11 11:56:04 Latest version is 1.2.8
2023-05-11 11:56:04 An update is already downloaded.
2023-05-11 12:56:04 Checking for update using Github
2023-05-11 12:56:04 Success.
2023-05-11 12:56:04 Latest version is 1.2.8
2023-05-11 12:56:04 An update is already downloaded.
2023-05-11 13:56:04 Checking for update using Github
2023-05-11 13:56:04 Success.
2023-05-11 13:56:04 Latest version is 1.2.8
2023-05-11 13:56:04 An update is already downloaded.
2023-05-11 14:56:04 Checking for update using Github
2023-05-11 14:56:05 Success.
2023-05-11 14:56:05 Latest version is 1.2.8
2023-05-11 14:56:05 An update is already downloaded.
2023-05-11 15:56:05 Checking for update using Github
2023-05-11 15:56:05 Success.
2023-05-11 15:56:05 Latest version is 1.2.8
2023-05-11 15:56:05 An update is already downloaded.
2023-05-11 16:56:05 Checking for update using Github
2023-05-11 16:56:05 Success.
2023-05-11 16:56:05 Latest version is 1.2.8
2023-05-11 16:56:05 An update is already downloaded.
2023-05-11 17:36:48 Loading updated app package /home/Tim/.config/obsidian/obsidian-1.2.8.asar
2023-05-11 17:36:48 Checking for update using Github
2023-05-11 17:36:48 Success.
2023-05-11 17:36:48 Latest version is 1.2.8
2023-05-11 17:36:48 App is up to date.
2023-05-11 17:43:29 Loading updated app package /home/Tim/.config/obsidian/obsidian-1.2.8.asar
2023-05-11 17:43:30 Checking for update using Github
2023-05-11 17:43:30 Success.
2023-05-11 17:43:30 Latest version is 1.2.8
2023-05-11 17:43:30 App is up to date.
2023-05-11 17:44:07 Loading updated app package /home/Tim/.config/obsidian/obsidian-1.2.8.asar
2023-05-11 17:44:07 Checking for update using Github
2023-05-11 17:44:07 Success.
2023-05-11 17:44:07 Latest version is 1.2.8
2023-05-11 17:44:07 App is up to date.
